<?xml version="1.0" encoding="UTF-8"?>
<testng-results skipped="0" failed="0" ignored="0" total="1" passed="1">
  <reporter-output>
  </reporter-output>
  <suite name="Default suite" duration-ms="49160" started-at="2019-05-30T08:49:31Z" finished-at="2019-05-30T08:50:20Z">
    <groups>
    </groups>
    <test name="Default test" duration-ms="49160" started-at="2019-05-30T08:49:31Z" finished-at="2019-05-30T08:50:20Z">
      <class name="corp.sap.blr.Helaba.Master_Test">
        <test-method status="PASS" signature="generatePassword()[pri:0, instance:corp.sap.blr.Helaba.Master_Test@1a968a59]" name="generatePassword" is-config="true" duration-ms="58" started-at="2019-05-30T14:19:31Z" finished-at="2019-05-30T14:19:31Z">
          <reporter-output>
          </reporter-output>
        </test-method> <!-- generatePassword -->
        <test-method status="PASS" signature="executeMaster_Test(java.util.List)[pri:0, instance:corp.sap.blr.Helaba.Master_Test@1a968a59]" name="executeMaster_Test" duration-ms="46663" started-at="2019-05-30T14:19:32Z" data-provider="getData_executeMaster_Test" finished-at="2019-05-30T14:20:19Z">
          <params>
            <param index="0">
              <value>
                <![CDATA[[TC_01, Yes, Login Amazon, Smoke]]]>
              </value>
            </param>
          </params>
          <reporter-output>
          </reporter-output>
        </test-method> <!-- executeMaster_Test -->
        <test-method status="PASS" signature="teardownTest()[pri:0, instance:corp.sap.blr.Helaba.Master_Test@1a968a59]" name="teardownTest" is-config="true" duration-ms="1044" started-at="2019-05-30T14:20:19Z" finished-at="2019-05-30T14:20:20Z">
          <reporter-output>
          </reporter-output>
        </test-method> <!-- teardownTest -->
        <test-method status="PASS" signature="generateHTMLReport()[pri:0, instance:corp.sap.blr.Helaba.Master_Test@1a968a59]" name="generateHTMLReport" is-config="true" duration-ms="547" started-at="2019-05-30T14:20:20Z" finished-at="2019-05-30T14:20:20Z">
          <reporter-output>
          </reporter-output>
        </test-method> <!-- generateHTMLReport -->
      </class> <!-- corp.sap.blr.Helaba.Master_Test -->
    </test> <!-- Default test -->
  </suite> <!-- Default suite -->
</testng-results>
